[2019-12-21 12:58:28,761] {/home/alta8/Alterra_Academy/2019 - 12 - 16 (Minggu 5 - Senin)/Flask_Challenge_2/my_env/lib/python3.6/site-packages/flask/app.py:1891} ERROR Exception on /tembak [GET]
Traceback (most recent call last):
  File "/home/alta8/Alterra_Academy/2019 - 12 - 16 (Minggu 5 - Senin)/Flask_Challenge_2/my_env/lib/python3.6/site-packages/flask/app.py", line 1949, in full_dispatch_request
    rv = self.dispatch_request()
  File "/home/alta8/Alterra_Academy/2019 - 12 - 16 (Minggu 5 - Senin)/Flask_Challenge_2/my_env/lib/python3.6/site-packages/flask/app.py", line 1935, in dispatch_request
    return self.view_functions[rule.endpoint](**req.view_args)
  File "/home/alta8/Alterra_Academy/2019 - 12 - 16 (Minggu 5 - Senin)/Flask_Challenge_2/my_env/lib/python3.6/site-packages/flask_restful/__init__.py", line 458, in wrapper
    resp = resource(*args, **kwargs)
  File "/home/alta8/Alterra_Academy/2019 - 12 - 16 (Minggu 5 - Senin)/Flask_Challenge_2/my_env/lib/python3.6/site-packages/flask/views.py", line 89, in view
    return self.dispatch_request(*args, **kwargs)
  File "/home/alta8/Alterra_Academy/2019 - 12 - 16 (Minggu 5 - Senin)/Flask_Challenge_2/my_env/lib/python3.6/site-packages/flask_restful/__init__.py", line 573, in dispatch_request
    resp = meth(*args, **kwargs)
  File "/home/alta8/Alterra_Academy/TanTan/blueprints/tembak/resources.py", line 63, in get
    args['text'] = trans_result['text']
TypeError: 'Response' object is not subscriptable
[2019-12-21 12:58:28,766] {/home/alta8/Alterra_Academy/TanTan/blueprints/__init__.py:73} ERROR REQUEST_LOG	{"status_code": 500, "method": "GET", "code": "500 INTERNAL SERVER ERROR", "url": "/tembak?ip=120.188.37.192&date_birth=03-05-1996", "request": {"text": "Tan bingung"}, "response": {"message": "Internal Server Error"}}
[2019-12-21 13:00:54,684] {/home/alta8/Alterra_Academy/2019 - 12 - 16 (Minggu 5 - Senin)/Flask_Challenge_2/my_env/lib/python3.6/site-packages/flask/app.py:1891} ERROR Exception on /tembak [GET]
Traceback (most recent call last):
  File "/home/alta8/Alterra_Academy/2019 - 12 - 16 (Minggu 5 - Senin)/Flask_Challenge_2/my_env/lib/python3.6/site-packages/flask/app.py", line 1949, in full_dispatch_request
    rv = self.dispatch_request()
  File "/home/alta8/Alterra_Academy/2019 - 12 - 16 (Minggu 5 - Senin)/Flask_Challenge_2/my_env/lib/python3.6/site-packages/flask/app.py", line 1935, in dispatch_request
    return self.view_functions[rule.endpoint](**req.view_args)
  File "/home/alta8/Alterra_Academy/2019 - 12 - 16 (Minggu 5 - Senin)/Flask_Challenge_2/my_env/lib/python3.6/site-packages/flask_restful/__init__.py", line 458, in wrapper
    resp = resource(*args, **kwargs)
  File "/home/alta8/Alterra_Academy/2019 - 12 - 16 (Minggu 5 - Senin)/Flask_Challenge_2/my_env/lib/python3.6/site-packages/flask/views.py", line 89, in view
    return self.dispatch_request(*args, **kwargs)
  File "/home/alta8/Alterra_Academy/2019 - 12 - 16 (Minggu 5 - Senin)/Flask_Challenge_2/my_env/lib/python3.6/site-packages/flask_restful/__init__.py", line 573, in dispatch_request
    resp = meth(*args, **kwargs)
  File "/home/alta8/Alterra_Academy/TanTan/blueprints/tembak/resources.py", line 64, in get
    trans_result = marshal(trans_result, Client.translate_fields)
NameError: name 'marshal' is not defined
[2019-12-21 13:00:54,687] {/home/alta8/Alterra_Academy/TanTan/blueprints/__init__.py:73} ERROR REQUEST_LOG	{"status_code": 500, "method": "GET", "code": "500 INTERNAL SERVER ERROR", "url": "/tembak?ip=120.188.37.192&date_birth=03-05-1996", "request": {"text": "Tan bingung"}, "response": {"message": "Internal Server Error"}}
[2019-12-21 13:01:27,251] {/home/alta8/Alterra_Academy/TanTan/blueprints/__init__.py:64} INFO REQUEST_LOG	{"status_code": 200, "method": "GET", "code": "200 OK", "url": "/tembak?ip=120.188.37.192&date_birth=03-05-1996", "request": {"text": "Tan bingung"}, "response": {"Pesan dari TanTan": "Laper? Nih TanTan kasi 5 restaurant terdekat", "Daftar Restaurant Terdekat:": [{"Nama Restaurant": "Seoul Yummy", "Lokasi": "Puri Indah Mall, Lantai 2, Jl. Puri Indah Raya, Puri Indah, Jakarta", "Pilihan Menu": "Korean", "Jam Buka": "10 AM to 10 PM", "Rating": "4.6"}, {"Nama Restaurant": "Kintaro Sushi", "Lokasi": "Jl. Suryo No. 20, Senopati, Jakarta", "Pilihan Menu": "Sushi, Japanese", "Jam Buka": "11 AM to 10 PM", "Rating": "4.9"}, {"Nama Restaurant": "WAKI Japanese BBQ Dining", "Lokasi": "Lantai 1, Jl. Tanjung Karang No. 5, Thamrin, Jakarta", "Pilihan Menu": "Japanese, BBQ", "Jam Buka": "11 AM to 10 PM", "Rating": "4.9"}, {"Nama Restaurant": "The Garden", "Lokasi": "Ruko Garden House, Blok B No. 27, Jl. Pantai Indah Kapuk, Pantai Indah Kapuk, Jakarta", "Pilihan Menu": "Fusion, Indonesian, Japanese, Western", "Jam Buka": "11h \u2013 23h (Mon, Tue, Wed, Thu, Sun), 11h \u2013 2h (Fri-Sat)", "Rating": "4.6"}, {"Nama Restaurant": "Social Garden", "Lokasi": "Senayan City, Lantai Ground, Jl. Asia Afrika, Senayan, Jakarta", "Pilihan Menu": "Western", "Jam Buka": "10h \u2013 24h (Mon, Tue, Wed, Thu, Sun), 10h \u2013 1h (Fri-Sat)", "Rating": "3.8"}], "Pesan dari TanTan - 2": "Makannya jangan sendirian ya mblo. Ada 3 orang nih dideketmu yang mungkin bisa diajak makan hehe :3", "Daftar Teman yang Bisa Diajak": [{"city": "Jakarta", "country": "id", "localized_country_name": "Indonesia", "name_string": "Jakarta, Indonesia", "zip": "meetup1", "lat": -6.18, "lon": 106.83}, {"city": "Ciputat", "country": "id", "localized_country_name": "Indonesia", "name_string": "Ciputat, Indonesia", "zip": "meetup27", "lat": -6.23, "lon": 106.68}, {"city": "Bekasi", "country": "id", "localized_country_name": "Indonesia", "name_string": "Bekasi, Indonesia", "zip": "meetup10", "lat": -6.22, "lon": 106.97}]}}
[2019-12-21 13:02:17,164] {/home/alta8/Alterra_Academy/TanTan/blueprints/__init__.py:64} INFO REQUEST_LOG	{"status_code": 200, "method": "GET", "code": "200 OK", "url": "/tembak?ip=120.188.37.192&date_birth=27-03-1996", "request": {"text": "Tan bingung"}, "response": {"Pesan dari TanTan": "TanTan gangerti kamu ngomong apa :("}}
[2019-12-21 13:08:53,622] {/home/alta8/Alterra_Academy/TanTan/blueprints/__init__.py:64} INFO REQUEST_LOG	{"status_code": 200, "method": "GET", "code": "200 OK", "url": "/tembak?ip=120.188.37.192&date_birth=03-05-1996", "request": {"text": "Tan bingung"}, "response": {"Pesan dari TanTan": "Laper? Nih TanTan kasi 5 restaurant terdekat", "Daftar Restaurant Terdekat:": [{"Nama Restaurant": "Seoul Yummy", "Lokasi": "Puri Indah Mall, Lantai 2, Jl. Puri Indah Raya, Puri Indah, Jakarta", "Pilihan Menu": "Korean", "Jam Buka": "10 AM to 10 PM", "Rating": "4.6"}, {"Nama Restaurant": "Kintaro Sushi", "Lokasi": "Jl. Suryo No. 20, Senopati, Jakarta", "Pilihan Menu": "Sushi, Japanese", "Jam Buka": "11 AM to 10 PM", "Rating": "4.9"}, {"Nama Restaurant": "WAKI Japanese BBQ Dining", "Lokasi": "Lantai 1, Jl. Tanjung Karang No. 5, Thamrin, Jakarta", "Pilihan Menu": "Japanese, BBQ", "Jam Buka": "11 AM to 10 PM", "Rating": "4.9"}, {"Nama Restaurant": "The Garden", "Lokasi": "Ruko Garden House, Blok B No. 27, Jl. Pantai Indah Kapuk, Pantai Indah Kapuk, Jakarta", "Pilihan Menu": "Fusion, Indonesian, Japanese, Western", "Jam Buka": "11h \u2013 23h (Mon, Tue, Wed, Thu, Sun), 11h \u2013 2h (Fri-Sat)", "Rating": "4.6"}, {"Nama Restaurant": "Social Garden", "Lokasi": "Senayan City, Lantai Ground, Jl. Asia Afrika, Senayan, Jakarta", "Pilihan Menu": "Western", "Jam Buka": "10h \u2013 24h (Mon, Tue, Wed, Thu, Sun), 10h \u2013 1h (Fri-Sat)", "Rating": "3.8"}], "Pesan dari TanTan - 2": "Makannya jangan sendirian ya mblo. Ada 3 orang nih dideketmu yang mungkin bisa diajak makan hehe :3", "Daftar Teman yang Bisa Diajak": [{"city": "Jakarta", "country": "id", "localized_country_name": "Indonesia", "name_string": "Jakarta, Indonesia", "zip": "meetup1", "lat": -6.18, "lon": 106.83}, {"city": "Ciputat", "country": "id", "localized_country_name": "Indonesia", "name_string": "Ciputat, Indonesia", "zip": "meetup27", "lat": -6.23, "lon": 106.68}, {"city": "Bekasi", "country": "id", "localized_country_name": "Indonesia", "name_string": "Bekasi, Indonesia", "zip": "meetup10", "lat": -6.22, "lon": 106.97}]}}
